<!DOCTYPE html>

<html>
  <head>
  <meta charset='utf-8'>
  <title>TestNG reports</title>

    <link type="text/css" href="testng-reports.css" rel="stylesheet" />
    <script type="text/javascript" src="jquery-1.7.1.min.js"></script>
    <script type="text/javascript" src="testng-reports.js"></script>
    <script type="text/javascript" src="https://www.google.com/jsapi"></script>
    <script type='text/javascript'>
      google.load('visualization', '1', {packages:['table']});
      google.setOnLoadCallback(drawTable);
      var suiteTableInitFunctions = new Array();
      var suiteTableData = new Array();
    </script>
    <!--
      <script type="text/javascript" src="jquery-ui/js/jquery-ui-1.8.16.custom.min.js"></script>
     -->
  </head>

  <body>
    <div class="top-banner-root">
      <span class="top-banner-title-font">Test results</span>
      <br/>
      <span class="top-banner-font-1">1 suite, 4 failed tests</span>
    </div> <!-- top-banner-root -->
    <div class="navigator-root">
      <div class="navigator-suite-header">
        <span>All suites</span>
        <a href="#" title="Collapse/expand all the suites" class="collapse-all-link">
          <img src="collapseall.gif" class="collapse-all-icon">
          </img> <!-- collapse-all-icon -->
        </a> <!-- collapse-all-link -->
      </div> <!-- navigator-suite-header -->
      <div class="suite">
        <div class="rounded-window">
          <div class="suite-header light-rounded-window-top">
            <a href="#" panel-name="suite-Travel_Medicare_Application_Automation_Test_Suite" class="navigator-link">
              <span class="suite-name border-failed">Travel Medicare Application Automation Test Suite</span>
            </a> <!-- navigator-link -->
          </div> <!-- suite-header light-rounded-window-top -->
          <div class="navigator-suite-content">
            <div class="suite-section-title">
              <span>Info</span>
            </div> <!-- suite-section-title -->
            <div class="suite-section-content">
              <ul>
                <li>
                  <a href="#" panel-name="test-xml-Travel_Medicare_Application_Automation_Test_Suite" class="navigator-link ">
                    <span>C:\Users\Bimal\eclipse-workspace\TravelMedicare\src\main\resources\TestNg.xml</span>
                  </a> <!-- navigator-link  -->
                </li>
                <li>
                  <a href="#" panel-name="testlist-Travel_Medicare_Application_Automation_Test_Suite" class="navigator-link ">
                    <span class="test-stats">1 test</span>
                  </a> <!-- navigator-link  -->
                </li>
                <li>
                  <a href="#" panel-name="group-Travel_Medicare_Application_Automation_Test_Suite" class="navigator-link ">
                    <span>0 groups</span>
                  </a> <!-- navigator-link  -->
                </li>
                <li>
                  <a href="#" panel-name="times-Travel_Medicare_Application_Automation_Test_Suite" class="navigator-link ">
                    <span>Times</span>
                  </a> <!-- navigator-link  -->
                </li>
                <li>
                  <a href="#" panel-name="reporter-Travel_Medicare_Application_Automation_Test_Suite" class="navigator-link ">
                    <span>Reporter output</span>
                  </a> <!-- navigator-link  -->
                </li>
                <li>
                  <a href="#" panel-name="ignored-methods-Travel_Medicare_Application_Automation_Test_Suite" class="navigator-link ">
                    <span>Ignored methods</span>
                  </a> <!-- navigator-link  -->
                </li>
                <li>
                  <a href="#" panel-name="chronological-Travel_Medicare_Application_Automation_Test_Suite" class="navigator-link ">
                    <span>Chronological view</span>
                  </a> <!-- navigator-link  -->
                </li>
              </ul>
            </div> <!-- suite-section-content -->
            <div class="result-section">
              <div class="suite-section-title">
                <span>Results</span>
              </div> <!-- suite-section-title -->
              <div class="suite-section-content">
                <ul>
                  <li>
                    <span class="method-stats">10 methods, 4 failed,   6 passed</span>
                  </li>
                  <li>
                    <span class="method-list-title failed">Failed methods</span>
                    <span class="show-or-hide-methods failed">
                      <a href="#" panel-name="suite-Travel_Medicare_Application_Automation_Test_Suite" class="hide-methods failed suite-Travel_Medicare_Application_Automation_Test_Suite"> (hide)</a> <!-- hide-methods failed suite-Travel_Medicare_Application_Automation_Test_Suite -->
                      <a href="#" panel-name="suite-Travel_Medicare_Application_Automation_Test_Suite" class="show-methods failed suite-Travel_Medicare_Application_Automation_Test_Suite"> (show)</a> <!-- show-methods failed suite-Travel_Medicare_Application_Automation_Test_Suite -->
                    </span>
                    <div class="method-list-content failed suite-Travel_Medicare_Application_Automation_Test_Suite">
                      <span>
                        <img src="failed.png" width="3%"/>
                        <a href="#" panel-name="suite-Travel_Medicare_Application_Automation_Test_Suite" title="com.travelmedicare.qa.testcases.CreateAccountPageTest" class="method navigator-link" hash-for-method="createAccount(bibi12, sdn34, bimal.suthar@gmail.com, bim@121, bim@121)">createAccount(bibi12, sdn34, bimal.suthar@gmail.com, bim@121, bim@121)</a> <!-- method navigator-link -->
                      </span>
                      <br/>
                      <span>
                        <img src="failed.png" width="3%"/>
                        <a href="#" panel-name="suite-Travel_Medicare_Application_Automation_Test_Suite" title="com.travelmedicare.qa.testcases.CreateAccountPageTest" class="method navigator-link" hash-for-method="createAccount(bimal, Suthar, test@gns, kms@9807, kms@9807)">createAccount(bimal, Suthar, test@gns, kms@9807, kms@9807)</a> <!-- method navigator-link -->
                      </span>
                      <br/>
                      <span>
                        <img src="failed.png" width="3%"/>
                        <a href="#" panel-name="suite-Travel_Medicare_Application_Automation_Test_Suite" title="com.travelmedicare.qa.testcases.CreateAccountPageTest" class="method navigator-link" hash-for-method="createAccount(Heni, Manav, test12@gmail, ghs@6574, ghs@6574)">createAccount(Heni, Manav, test12@gmail, ghs@6574, ghs@6574)</a> <!-- method navigator-link -->
                      </span>
                      <br/>
                      <span>
                        <img src="failed.png" width="3%"/>
                        <a href="#" panel-name="suite-Travel_Medicare_Application_Automation_Test_Suite" title="com.travelmedicare.qa.testcases.CreateAccountPageTest" class="method navigator-link" hash-for-method="createAccount(bimal, suthar, hemanshu2838@gmail.com, ghg@345, ghg@345)">createAccount(bimal, suthar, hemanshu2838@gmail.com, ghg@345, ghg@345)</a> <!-- method navigator-link -->
                      </span>
                      <br/>
                    </div> <!-- method-list-content failed suite-Travel_Medicare_Application_Automation_Test_Suite -->
                  </li>
                  <li>
                    <span class="method-list-title passed">Passed methods</span>
                    <span class="show-or-hide-methods passed">
                      <a href="#" panel-name="suite-Travel_Medicare_Application_Automation_Test_Suite" class="hide-methods passed suite-Travel_Medicare_Application_Automation_Test_Suite"> (hide)</a> <!-- hide-methods passed suite-Travel_Medicare_Application_Automation_Test_Suite -->
                      <a href="#" panel-name="suite-Travel_Medicare_Application_Automation_Test_Suite" class="show-methods passed suite-Travel_Medicare_Application_Automation_Test_Suite"> (show)</a> <!-- show-methods passed suite-Travel_Medicare_Application_Automation_Test_Suite -->
                    </span>
                    <div class="method-list-content passed suite-Travel_Medicare_Application_Automation_Test_Suite">
                      <span>
                        <img src="passed.png" width="3%"/>
                        <a href="#" panel-name="suite-Travel_Medicare_Application_Automation_Test_Suite" title="com.travelmedicare.qa.testcases.LoginPageTest" class="method navigator-link" hash-for-method="InValidData_BlankEmail_SignIn">InValidData_BlankEmail_SignIn</a> <!-- method navigator-link -->
                      </span>
                      <br/>
                      <span>
                        <img src="passed.png" width="3%"/>
                        <a href="#" panel-name="suite-Travel_Medicare_Application_Automation_Test_Suite" title="com.travelmedicare.qa.testcases.LoginPageTest" class="method navigator-link" hash-for-method="InValidData_BlankPassword_SignIn">InValidData_BlankPassword_SignIn</a> <!-- method navigator-link -->
                      </span>
                      <br/>
                      <span>
                        <img src="passed.png" width="3%"/>
                        <a href="#" panel-name="suite-Travel_Medicare_Application_Automation_Test_Suite" title="com.travelmedicare.qa.testcases.LoginPageTest" class="method navigator-link" hash-for-method="ValidData_SignIn">ValidData_SignIn</a> <!-- method navigator-link -->
                      </span>
                      <br/>
                      <span>
                        <img src="passed.png" width="3%"/>
                        <a href="#" panel-name="suite-Travel_Medicare_Application_Automation_Test_Suite" title="com.travelmedicare.qa.testcases.HomePageTests" class="method navigator-link" hash-for-method="ValidatingRegisterBtn_HomePage">ValidatingRegisterBtn_HomePage</a> <!-- method navigator-link -->
                      </span>
                      <br/>
                      <span>
                        <img src="passed.png" width="3%"/>
                        <a href="#" panel-name="suite-Travel_Medicare_Application_Automation_Test_Suite" title="com.travelmedicare.qa.testcases.HomePageTests" class="method navigator-link" hash-for-method="clickingOnMyTm_HomePage">clickingOnMyTm_HomePage</a> <!-- method navigator-link -->
                      </span>
                      <br/>
                      <span>
                        <img src="passed.png" width="3%"/>
                        <a href="#" panel-name="suite-Travel_Medicare_Application_Automation_Test_Suite" title="com.travelmedicare.qa.testcases.HomePageTests" class="method navigator-link" hash-for-method="validatingLogo_HomePage">validatingLogo_HomePage</a> <!-- method navigator-link -->
                      </span>
                      <br/>
                    </div> <!-- method-list-content passed suite-Travel_Medicare_Application_Automation_Test_Suite -->
                  </li>
                </ul>
              </div> <!-- suite-section-content -->
            </div> <!-- result-section -->
          </div> <!-- navigator-suite-content -->
        </div> <!-- rounded-window -->
      </div> <!-- suite -->
    </div> <!-- navigator-root -->
    <div class="wrapper">
      <div class="main-panel-root">
        <div panel-name="suite-Travel_Medicare_Application_Automation_Test_Suite" class="panel Travel_Medicare_Application_Automation_Test_Suite">
          <div class="suite-Travel_Medicare_Application_Automation_Test_Suite-class-failed">
            <div class="main-panel-header rounded-window-top">
              <img src="failed.png"/>
              <span class="class-name">com.travelmedicare.qa.testcases.CreateAccountPageTest</span>
            </div> <!-- main-panel-header rounded-window-top -->
            <div class="main-panel-content rounded-window-bottom">
              <div class="method">
                <div class="method-content">
                  <a name="createAccount(bibi12, sdn34, bimal.suthar@gmail.com, bim@121, bim@121)">
                  </a> <!-- createAccount(bibi12, sdn34, bimal.suthar@gmail.com, bim@121, bim@121) -->
                  <span class="method-name">createAccount</span>
                  <span class="parameters">(bibi12, sdn34, bimal.suthar@gmail.com, bim@121, bim@121)</span>
                  <div class="stack-trace">org.openqa.selenium.NoSuchElementException: no such element: Unable to locate element: {&quot;method&quot;:&quot;xpath&quot;,&quot;selector&quot;:&quot;//*[text()=&apos;Personal Details&apos;]&quot;}
  (Session info: chrome=75.0.3770.80)
For documentation on this error, please visit: http://seleniumhq.org/exceptions/no_such_element.html
Build info: version: &apos;3.14.0&apos;, revision: &apos;aacccce0&apos;, time: &apos;2018-08-02T20:19:58.91Z&apos;
System info: host: &apos;LAPTOP-SL4APH59&apos;, ip: &apos;192.168.131.1&apos;, os.name: &apos;Windows 10&apos;, os.arch: &apos;amd64&apos;, os.version: &apos;10.0&apos;, java.version: &apos;12.0.2&apos;
Driver info: org.openqa.selenium.chrome.ChromeDriver
Capabilities {acceptInsecureCerts: false, browserName: chrome, browserVersion: 75.0.3770.80, chrome: {chromedriverVersion: 75.0.3770.140 (2d9f97485c7b..., userDataDir: C:\Users\Bimal\AppData\Loca...}, goog:chromeOptions: {debuggerAddress: localhost:55648}, javascriptEnabled: true, networkConnectionEnabled: false, pageLoadStrategy: normal, platform: XP, platformName: XP, proxy: Proxy(), setWindowRect: true, strictFileInteractability: false, timeouts: {implicit: 0, pageLoad: 300000, script: 30000}, unhandledPromptBehavior: dismiss and notify}
Session ID: 4816e83a3717ccdf39c17036949552d9
*** Element info: {Using=xpath, value=//*[text()=&apos;Personal Details&apos;]}
	at org.openqa.selenium.remote.http.W3CHttpResponseCodec.createException(W3CHttpResponseCodec.java:187)
	at org.openqa.selenium.remote.http.W3CHttpResponseCodec.decode(W3CHttpResponseCodec.java:122)
	at org.openqa.selenium.remote.http.W3CHttpResponseCodec.decode(W3CHttpResponseCodec.java:49)
	at org.openqa.selenium.remote.HttpCommandExecutor.execute(HttpCommandExecutor.java:158)
	at org.openqa.selenium.remote.service.DriverCommandExecutor.execute(DriverCommandExecutor.java:83)
	at org.openqa.selenium.remote.RemoteWebDriver.execute(RemoteWebDriver.java:548)
	at org.openqa.selenium.remote.RemoteWebDriver.findElement(RemoteWebDriver.java:322)
	at org.openqa.selenium.remote.RemoteWebDriver.findElementByXPath(RemoteWebDriver.java:424)
	at org.openqa.selenium.By$ByXPath.findElement(By.java:353)
	at org.openqa.selenium.remote.RemoteWebDriver.findElement(RemoteWebDriver.java:314)
	at org.openqa.selenium.support.events.EventFiringWebDriver.lambda$new$1(EventFiringWebDriver.java:105)
	at com.sun.proxy.$Proxy11.findElement(Unknown Source)
	at org.openqa.selenium.support.events.EventFiringWebDriver.findElement(EventFiringWebDriver.java:194)
	at org.openqa.selenium.support.pagefactory.DefaultElementLocator.findElement(DefaultElementLocator.java:69)
	at org.openqa.selenium.support.pagefactory.internal.LocatingElementHandler.invoke(LocatingElementHandler.java:38)
	at com.sun.proxy.$Proxy15.getText(Unknown Source)
	at com.travelmedicare.qa.pages.CreateAccountPage.checkPagetitle(CreateAccountPage.java:49)
	at com.travelmedicare.qa.testcases.CreateAccountPageTest.createAccount(CreateAccountPageTest.java:41)
... Removed 33 stack frames
</div> <!-- stack-trace -->
                </div> <!-- method-content -->
              </div> <!-- method -->
              <div class="method">
                <div class="method-content">
                  <a name="createAccount(bimal, Suthar, test@gns, kms@9807, kms@9807)">
                  </a> <!-- createAccount(bimal, Suthar, test@gns, kms@9807, kms@9807) -->
                  <span class="method-name">createAccount</span>
                  <span class="parameters">(bimal, Suthar, test@gns, kms@9807, kms@9807)</span>
                  <div class="stack-trace">org.openqa.selenium.NoSuchElementException: no such element: Unable to locate element: {&quot;method&quot;:&quot;xpath&quot;,&quot;selector&quot;:&quot;//*[text()=&apos;Personal Details&apos;]&quot;}
  (Session info: chrome=75.0.3770.80)
For documentation on this error, please visit: http://seleniumhq.org/exceptions/no_such_element.html
Build info: version: &apos;3.14.0&apos;, revision: &apos;aacccce0&apos;, time: &apos;2018-08-02T20:19:58.91Z&apos;
System info: host: &apos;LAPTOP-SL4APH59&apos;, ip: &apos;192.168.131.1&apos;, os.name: &apos;Windows 10&apos;, os.arch: &apos;amd64&apos;, os.version: &apos;10.0&apos;, java.version: &apos;12.0.2&apos;
Driver info: org.openqa.selenium.chrome.ChromeDriver
Capabilities {acceptInsecureCerts: false, browserName: chrome, browserVersion: 75.0.3770.80, chrome: {chromedriverVersion: 75.0.3770.140 (2d9f97485c7b..., userDataDir: C:\Users\Bimal\AppData\Loca...}, goog:chromeOptions: {debuggerAddress: localhost:61644}, javascriptEnabled: true, networkConnectionEnabled: false, pageLoadStrategy: normal, platform: XP, platformName: XP, proxy: Proxy(), setWindowRect: true, strictFileInteractability: false, timeouts: {implicit: 0, pageLoad: 300000, script: 30000}, unhandledPromptBehavior: dismiss and notify}
Session ID: caf0dbeabb9d18293da5a5eeab58b9b0
*** Element info: {Using=xpath, value=//*[text()=&apos;Personal Details&apos;]}
	at org.openqa.selenium.remote.http.W3CHttpResponseCodec.createException(W3CHttpResponseCodec.java:187)
	at org.openqa.selenium.remote.http.W3CHttpResponseCodec.decode(W3CHttpResponseCodec.java:122)
	at org.openqa.selenium.remote.http.W3CHttpResponseCodec.decode(W3CHttpResponseCodec.java:49)
	at org.openqa.selenium.remote.HttpCommandExecutor.execute(HttpCommandExecutor.java:158)
	at org.openqa.selenium.remote.service.DriverCommandExecutor.execute(DriverCommandExecutor.java:83)
	at org.openqa.selenium.remote.RemoteWebDriver.execute(RemoteWebDriver.java:548)
	at org.openqa.selenium.remote.RemoteWebDriver.findElement(RemoteWebDriver.java:322)
	at org.openqa.selenium.remote.RemoteWebDriver.findElementByXPath(RemoteWebDriver.java:424)
	at org.openqa.selenium.By$ByXPath.findElement(By.java:353)
	at org.openqa.selenium.remote.RemoteWebDriver.findElement(RemoteWebDriver.java:314)
	at org.openqa.selenium.support.events.EventFiringWebDriver.lambda$new$1(EventFiringWebDriver.java:105)
	at com.sun.proxy.$Proxy11.findElement(Unknown Source)
	at org.openqa.selenium.support.events.EventFiringWebDriver.findElement(EventFiringWebDriver.java:194)
	at org.openqa.selenium.support.pagefactory.DefaultElementLocator.findElement(DefaultElementLocator.java:69)
	at org.openqa.selenium.support.pagefactory.internal.LocatingElementHandler.invoke(LocatingElementHandler.java:38)
	at com.sun.proxy.$Proxy15.getText(Unknown Source)
	at com.travelmedicare.qa.pages.CreateAccountPage.checkPagetitle(CreateAccountPage.java:49)
	at com.travelmedicare.qa.testcases.CreateAccountPageTest.createAccount(CreateAccountPageTest.java:41)
... Removed 34 stack frames
</div> <!-- stack-trace -->
                </div> <!-- method-content -->
              </div> <!-- method -->
              <div class="method">
                <div class="method-content">
                  <a name="createAccount(Heni, Manav, test12@gmail, ghs@6574, ghs@6574)">
                  </a> <!-- createAccount(Heni, Manav, test12@gmail, ghs@6574, ghs@6574) -->
                  <span class="method-name">createAccount</span>
                  <span class="parameters">(Heni, Manav, test12@gmail, ghs@6574, ghs@6574)</span>
                  <div class="stack-trace">org.openqa.selenium.NoSuchElementException: no such element: Unable to locate element: {&quot;method&quot;:&quot;xpath&quot;,&quot;selector&quot;:&quot;//*[text()=&apos;Personal Details&apos;]&quot;}
  (Session info: chrome=75.0.3770.80)
For documentation on this error, please visit: http://seleniumhq.org/exceptions/no_such_element.html
Build info: version: &apos;3.14.0&apos;, revision: &apos;aacccce0&apos;, time: &apos;2018-08-02T20:19:58.91Z&apos;
System info: host: &apos;LAPTOP-SL4APH59&apos;, ip: &apos;192.168.131.1&apos;, os.name: &apos;Windows 10&apos;, os.arch: &apos;amd64&apos;, os.version: &apos;10.0&apos;, java.version: &apos;12.0.2&apos;
Driver info: org.openqa.selenium.chrome.ChromeDriver
Capabilities {acceptInsecureCerts: false, browserName: chrome, browserVersion: 75.0.3770.80, chrome: {chromedriverVersion: 75.0.3770.140 (2d9f97485c7b..., userDataDir: C:\Users\Bimal\AppData\Loca...}, goog:chromeOptions: {debuggerAddress: localhost:55604}, javascriptEnabled: true, networkConnectionEnabled: false, pageLoadStrategy: normal, platform: XP, platformName: XP, proxy: Proxy(), setWindowRect: true, strictFileInteractability: false, timeouts: {implicit: 0, pageLoad: 300000, script: 30000}, unhandledPromptBehavior: dismiss and notify}
Session ID: a144cf793225c8e775debae5b7e9c028
*** Element info: {Using=xpath, value=//*[text()=&apos;Personal Details&apos;]}
	at org.openqa.selenium.remote.http.W3CHttpResponseCodec.createException(W3CHttpResponseCodec.java:187)
	at org.openqa.selenium.remote.http.W3CHttpResponseCodec.decode(W3CHttpResponseCodec.java:122)
	at org.openqa.selenium.remote.http.W3CHttpResponseCodec.decode(W3CHttpResponseCodec.java:49)
	at org.openqa.selenium.remote.HttpCommandExecutor.execute(HttpCommandExecutor.java:158)
	at org.openqa.selenium.remote.service.DriverCommandExecutor.execute(DriverCommandExecutor.java:83)
	at org.openqa.selenium.remote.RemoteWebDriver.execute(RemoteWebDriver.java:548)
	at org.openqa.selenium.remote.RemoteWebDriver.findElement(RemoteWebDriver.java:322)
	at org.openqa.selenium.remote.RemoteWebDriver.findElementByXPath(RemoteWebDriver.java:424)
	at org.openqa.selenium.By$ByXPath.findElement(By.java:353)
	at org.openqa.selenium.remote.RemoteWebDriver.findElement(RemoteWebDriver.java:314)
	at org.openqa.selenium.support.events.EventFiringWebDriver.lambda$new$1(EventFiringWebDriver.java:105)
	at com.sun.proxy.$Proxy11.findElement(Unknown Source)
	at org.openqa.selenium.support.events.EventFiringWebDriver.findElement(EventFiringWebDriver.java:194)
	at org.openqa.selenium.support.pagefactory.DefaultElementLocator.findElement(DefaultElementLocator.java:69)
	at org.openqa.selenium.support.pagefactory.internal.LocatingElementHandler.invoke(LocatingElementHandler.java:38)
	at com.sun.proxy.$Proxy15.getText(Unknown Source)
	at com.travelmedicare.qa.pages.CreateAccountPage.checkPagetitle(CreateAccountPage.java:49)
	at com.travelmedicare.qa.testcases.CreateAccountPageTest.createAccount(CreateAccountPageTest.java:41)
... Removed 33 stack frames
</div> <!-- stack-trace -->
                </div> <!-- method-content -->
              </div> <!-- method -->
              <div class="method">
                <div class="method-content">
                  <a name="createAccount(bimal, suthar, hemanshu2838@gmail.com, ghg@345, ghg@345)">
                  </a> <!-- createAccount(bimal, suthar, hemanshu2838@gmail.com, ghg@345, ghg@345) -->
                  <span class="method-name">createAccount</span>
                  <span class="parameters">(bimal, suthar, hemanshu2838@gmail.com, ghg@345, ghg@345)</span>
                  <div class="stack-trace">org.openqa.selenium.NoSuchElementException: no such element: Unable to locate element: {&quot;method&quot;:&quot;xpath&quot;,&quot;selector&quot;:&quot;//*[text()=&apos;Personal Details&apos;]&quot;}
  (Session info: chrome=75.0.3770.80)
For documentation on this error, please visit: http://seleniumhq.org/exceptions/no_such_element.html
Build info: version: &apos;3.14.0&apos;, revision: &apos;aacccce0&apos;, time: &apos;2018-08-02T20:19:58.91Z&apos;
System info: host: &apos;LAPTOP-SL4APH59&apos;, ip: &apos;192.168.131.1&apos;, os.name: &apos;Windows 10&apos;, os.arch: &apos;amd64&apos;, os.version: &apos;10.0&apos;, java.version: &apos;12.0.2&apos;
Driver info: org.openqa.selenium.chrome.ChromeDriver
Capabilities {acceptInsecureCerts: false, browserName: chrome, browserVersion: 75.0.3770.80, chrome: {chromedriverVersion: 75.0.3770.140 (2d9f97485c7b..., userDataDir: C:\Users\Bimal\AppData\Loca...}, goog:chromeOptions: {debuggerAddress: localhost:55697}, javascriptEnabled: true, networkConnectionEnabled: false, pageLoadStrategy: normal, platform: XP, platformName: XP, proxy: Proxy(), setWindowRect: true, strictFileInteractability: false, timeouts: {implicit: 0, pageLoad: 300000, script: 30000}, unhandledPromptBehavior: dismiss and notify}
Session ID: 36bd43e2c263883c6a1bd98dc9ea8162
*** Element info: {Using=xpath, value=//*[text()=&apos;Personal Details&apos;]}
	at org.openqa.selenium.remote.http.W3CHttpResponseCodec.createException(W3CHttpResponseCodec.java:187)
	at org.openqa.selenium.remote.http.W3CHttpResponseCodec.decode(W3CHttpResponseCodec.java:122)
	at org.openqa.selenium.remote.http.W3CHttpResponseCodec.decode(W3CHttpResponseCodec.java:49)
	at org.openqa.selenium.remote.HttpCommandExecutor.execute(HttpCommandExecutor.java:158)
	at org.openqa.selenium.remote.service.DriverCommandExecutor.execute(DriverCommandExecutor.java:83)
	at org.openqa.selenium.remote.RemoteWebDriver.execute(RemoteWebDriver.java:548)
	at org.openqa.selenium.remote.RemoteWebDriver.findElement(RemoteWebDriver.java:322)
	at org.openqa.selenium.remote.RemoteWebDriver.findElementByXPath(RemoteWebDriver.java:424)
	at org.openqa.selenium.By$ByXPath.findElement(By.java:353)
	at org.openqa.selenium.remote.RemoteWebDriver.findElement(RemoteWebDriver.java:314)
	at org.openqa.selenium.support.events.EventFiringWebDriver.lambda$new$1(EventFiringWebDriver.java:105)
	at com.sun.proxy.$Proxy11.findElement(Unknown Source)
	at org.openqa.selenium.support.events.EventFiringWebDriver.findElement(EventFiringWebDriver.java:194)
	at org.openqa.selenium.support.pagefactory.DefaultElementLocator.findElement(DefaultElementLocator.java:69)
	at org.openqa.selenium.support.pagefactory.internal.LocatingElementHandler.invoke(LocatingElementHandler.java:38)
	at com.sun.proxy.$Proxy15.getText(Unknown Source)
	at com.travelmedicare.qa.pages.CreateAccountPage.checkPagetitle(CreateAccountPage.java:49)
	at com.travelmedicare.qa.testcases.CreateAccountPageTest.createAccount(CreateAccountPageTest.java:41)
... Removed 33 stack frames
</div> <!-- stack-trace -->
                </div> <!-- method-content -->
              </div> <!-- method -->
            </div> <!-- main-panel-content rounded-window-bottom -->
          </div> <!-- suite-Travel_Medicare_Application_Automation_Test_Suite-class-failed -->
          <div class="suite-Travel_Medicare_Application_Automation_Test_Suite-class-passed">
            <div class="main-panel-header rounded-window-top">
              <img src="passed.png"/>
              <span class="class-name">com.travelmedicare.qa.testcases.HomePageTests</span>
            </div> <!-- main-panel-header rounded-window-top -->
            <div class="main-panel-content rounded-window-bottom">
              <div class="method">
                <div class="method-content">
                  <a name="ValidatingRegisterBtn_HomePage">
                  </a> <!-- ValidatingRegisterBtn_HomePage -->
                  <span class="method-name">ValidatingRegisterBtn_HomePage</span>
                </div> <!-- method-content -->
              </div> <!-- method -->
              <div class="method">
                <div class="method-content">
                  <a name="clickingOnMyTm_HomePage">
                  </a> <!-- clickingOnMyTm_HomePage -->
                  <span class="method-name">clickingOnMyTm_HomePage</span>
                </div> <!-- method-content -->
              </div> <!-- method -->
              <div class="method">
                <div class="method-content">
                  <a name="validatingLogo_HomePage">
                  </a> <!-- validatingLogo_HomePage -->
                  <span class="method-name">validatingLogo_HomePage</span>
                </div> <!-- method-content -->
              </div> <!-- method -->
            </div> <!-- main-panel-content rounded-window-bottom -->
          </div> <!-- suite-Travel_Medicare_Application_Automation_Test_Suite-class-passed -->
          <div class="suite-Travel_Medicare_Application_Automation_Test_Suite-class-passed">
            <div class="main-panel-header rounded-window-top">
              <img src="passed.png"/>
              <span class="class-name">com.travelmedicare.qa.testcases.LoginPageTest</span>
            </div> <!-- main-panel-header rounded-window-top -->
            <div class="main-panel-content rounded-window-bottom">
              <div class="method">
                <div class="method-content">
                  <a name="InValidData_BlankEmail_SignIn">
                  </a> <!-- InValidData_BlankEmail_SignIn -->
                  <span class="method-name">InValidData_BlankEmail_SignIn</span>
                </div> <!-- method-content -->
              </div> <!-- method -->
              <div class="method">
                <div class="method-content">
                  <a name="InValidData_BlankPassword_SignIn">
                  </a> <!-- InValidData_BlankPassword_SignIn -->
                  <span class="method-name">InValidData_BlankPassword_SignIn</span>
                </div> <!-- method-content -->
              </div> <!-- method -->
              <div class="method">
                <div class="method-content">
                  <a name="ValidData_SignIn">
                  </a> <!-- ValidData_SignIn -->
                  <span class="method-name">ValidData_SignIn</span>
                </div> <!-- method-content -->
              </div> <!-- method -->
            </div> <!-- main-panel-content rounded-window-bottom -->
          </div> <!-- suite-Travel_Medicare_Application_Automation_Test_Suite-class-passed -->
        </div> <!-- panel Travel_Medicare_Application_Automation_Test_Suite -->
        <div panel-name="test-xml-Travel_Medicare_Application_Automation_Test_Suite" class="panel">
          <div class="main-panel-header rounded-window-top">
            <span class="header-content">C:\Users\Bimal\eclipse-workspace\TravelMedicare\src\main\resources\TestNg.xml</span>
          </div> <!-- main-panel-header rounded-window-top -->
          <div class="main-panel-content rounded-window-bottom">
            <pre>
&lt;?xml version=&quot;1.0&quot; encoding=&quot;UTF-8&quot;?&gt;
&lt;!DOCTYPE suite SYSTEM &quot;http://testng.org/testng-1.0.dtd&quot;&gt;
&lt;suite name=&quot;Travel Medicare Application Automation Test Suite&quot;&gt;
  &lt;listeners&gt;
    &lt;listener class-name=&quot;com.travelmedicare.qa.ExtentReportListener.ExtentReportListner&quot;/&gt;
  &lt;/listeners&gt;
  &lt;test name=&quot;Travel Medicare Test Cases&quot;&gt;
    &lt;classes&gt;
      &lt;class name=&quot;com.travelmedicare.qa.testcases.LoginPageTest&quot;/&gt;
      &lt;class name=&quot;com.travelmedicare.qa.testcases.CreateAccountPageTest&quot;/&gt;
      &lt;class name=&quot;com.travelmedicare.qa.testcases.HomePageTests&quot;/&gt;
    &lt;/classes&gt;
  &lt;/test&gt; &lt;!-- Travel Medicare Test Cases --&gt;
&lt;/suite&gt; &lt;!-- Travel Medicare Application Automation Test Suite --&gt;
            </pre>
          </div> <!-- main-panel-content rounded-window-bottom -->
        </div> <!-- panel -->
        <div panel-name="testlist-Travel_Medicare_Application_Automation_Test_Suite" class="panel">
          <div class="main-panel-header rounded-window-top">
            <span class="header-content">Tests for Travel Medicare Application Automation Test Suite</span>
          </div> <!-- main-panel-header rounded-window-top -->
          <div class="main-panel-content rounded-window-bottom">
            <ul>
              <li>
                <span class="test-name">Travel Medicare Test Cases (3 classes)</span>
              </li>
            </ul>
          </div> <!-- main-panel-content rounded-window-bottom -->
        </div> <!-- panel -->
        <div panel-name="group-Travel_Medicare_Application_Automation_Test_Suite" class="panel">
          <div class="main-panel-header rounded-window-top">
            <span class="header-content">Groups for Travel Medicare Application Automation Test Suite</span>
          </div> <!-- main-panel-header rounded-window-top -->
          <div class="main-panel-content rounded-window-bottom">
          </div> <!-- main-panel-content rounded-window-bottom -->
        </div> <!-- panel -->
        <div panel-name="times-Travel_Medicare_Application_Automation_Test_Suite" class="panel">
          <div class="main-panel-header rounded-window-top">
            <span class="header-content">Times for Travel Medicare Application Automation Test Suite</span>
          </div> <!-- main-panel-header rounded-window-top -->
          <div class="main-panel-content rounded-window-bottom">
            <div class="times-div">
              <script type="text/javascript">
suiteTableInitFunctions.push('tableData_Travel_Medicare_Application_Automation_Test_Suite');
function tableData_Travel_Medicare_Application_Automation_Test_Suite() {
var data = new google.visualization.DataTable();
data.addColumn('number', 'Number');
data.addColumn('string', 'Method');
data.addColumn('string', 'Class');
data.addColumn('number', 'Time (ms)');
data.addRows(10);
data.setCell(0, 0, 0)
data.setCell(0, 1, 'createAccount')
data.setCell(0, 2, 'com.travelmedicare.qa.testcases.CreateAccountPageTest')
data.setCell(0, 3, 32917);
data.setCell(1, 0, 1)
data.setCell(1, 1, 'createAccount')
data.setCell(1, 2, 'com.travelmedicare.qa.testcases.CreateAccountPageTest')
data.setCell(1, 3, 32734);
data.setCell(2, 0, 2)
data.setCell(2, 1, 'createAccount')
data.setCell(2, 2, 'com.travelmedicare.qa.testcases.CreateAccountPageTest')
data.setCell(2, 3, 32708);
data.setCell(3, 0, 3)
data.setCell(3, 1, 'createAccount')
data.setCell(3, 2, 'com.travelmedicare.qa.testcases.CreateAccountPageTest')
data.setCell(3, 3, 32602);
data.setCell(4, 0, 4)
data.setCell(4, 1, 'ValidatingRegisterBtn_HomePage')
data.setCell(4, 2, 'com.travelmedicare.qa.testcases.HomePageTests')
data.setCell(4, 3, 1123);
data.setCell(5, 0, 5)
data.setCell(5, 1, 'ValidData_SignIn')
data.setCell(5, 2, 'com.travelmedicare.qa.testcases.LoginPageTest')
data.setCell(5, 3, 817);
data.setCell(6, 0, 6)
data.setCell(6, 1, 'clickingOnMyTm_HomePage')
data.setCell(6, 2, 'com.travelmedicare.qa.testcases.HomePageTests')
data.setCell(6, 3, 700);
data.setCell(7, 0, 7)
data.setCell(7, 1, 'InValidData_BlankEmail_SignIn')
data.setCell(7, 2, 'com.travelmedicare.qa.testcases.LoginPageTest')
data.setCell(7, 3, 499);
data.setCell(8, 0, 8)
data.setCell(8, 1, 'InValidData_BlankPassword_SignIn')
data.setCell(8, 2, 'com.travelmedicare.qa.testcases.LoginPageTest')
data.setCell(8, 3, 493);
data.setCell(9, 0, 9)
data.setCell(9, 1, 'validatingLogo_HomePage')
data.setCell(9, 2, 'com.travelmedicare.qa.testcases.HomePageTests')
data.setCell(9, 3, 89);
window.suiteTableData['Travel_Medicare_Application_Automation_Test_Suite']= { tableData: data, tableDiv: 'times-div-Travel_Medicare_Application_Automation_Test_Suite'}
return data;
}
              </script>
              <span class="suite-total-time">Total running time: 2 minutes</span>
              <div id="times-div-Travel_Medicare_Application_Automation_Test_Suite">
              </div> <!-- times-div-Travel_Medicare_Application_Automation_Test_Suite -->
            </div> <!-- times-div -->
          </div> <!-- main-panel-content rounded-window-bottom -->
        </div> <!-- panel -->
        <div panel-name="reporter-Travel_Medicare_Application_Automation_Test_Suite" class="panel">
          <div class="main-panel-header rounded-window-top">
            <span class="header-content">Reporter output for Travel Medicare Application Automation Test Suite</span>
          </div> <!-- main-panel-header rounded-window-top -->
          <div class="main-panel-content rounded-window-bottom">
          </div> <!-- main-panel-content rounded-window-bottom -->
        </div> <!-- panel -->
        <div panel-name="ignored-methods-Travel_Medicare_Application_Automation_Test_Suite" class="panel">
          <div class="main-panel-header rounded-window-top">
            <span class="header-content">0 ignored methods</span>
          </div> <!-- main-panel-header rounded-window-top -->
          <div class="main-panel-content rounded-window-bottom">
          </div> <!-- main-panel-content rounded-window-bottom -->
        </div> <!-- panel -->
        <div panel-name="chronological-Travel_Medicare_Application_Automation_Test_Suite" class="panel">
          <div class="main-panel-header rounded-window-top">
            <span class="header-content">Methods in chronological order</span>
          </div> <!-- main-panel-header rounded-window-top -->
          <div class="main-panel-content rounded-window-bottom">
            <div class="chronological-class">
              <div class="chronological-class-name">com.travelmedicare.qa.testcases.LoginPageTest</div> <!-- chronological-class-name -->
              <div class="configuration-method before">
                <span class="method-name">setUp</span>
                <span class="method-start">0 ms</span>
              </div> <!-- configuration-method before -->
              <div class="test-method">
                <span class="method-name">ValidData_SignIn</span>
                <span class="method-start">10840 ms</span>
              </div> <!-- test-method -->
              <div class="configuration-method after">
                <span class="method-name">tearDown</span>
                <span class="method-start">11658 ms</span>
              </div> <!-- configuration-method after -->
            </div> <!-- chronological-class -->
            <div class="chronological-class">
              <div class="chronological-class-name">com.travelmedicare.qa.testcases.CreateAccountPageTest</div> <!-- chronological-class-name -->
              <div class="configuration-method before">
                <span class="method-name">setUp</span>
                <span class="method-start">13284 ms</span>
              </div> <!-- configuration-method before -->
              <div class="test-method">
                <img src="failed.png">
                </img>
                <span class="method-name">createAccount(bimal, Suthar, test@gns, kms@9807, kms@9807)</span>
                <span class="method-start">22833 ms</span>
              </div> <!-- test-method -->
              <div class="configuration-method after">
                <span class="method-name">teardown</span>
                <span class="method-start">55546 ms</span>
              </div> <!-- configuration-method after -->
              <div class="configuration-method before">
                <span class="method-name">setUp</span>
                <span class="method-start">56427 ms</span>
              </div> <!-- configuration-method before -->
              <div class="test-method">
                <img src="failed.png">
                </img>
                <span class="method-name">createAccount(Heni, Manav, test12@gmail, ghs@6574, ghs@6574)</span>
                <span class="method-start">65927 ms</span>
              </div> <!-- test-method -->
              <div class="configuration-method after">
                <span class="method-name">teardown</span>
                <span class="method-start">98663 ms</span>
              </div> <!-- configuration-method after -->
              <div class="configuration-method before">
                <span class="method-name">setUp</span>
                <span class="method-start">99545 ms</span>
              </div> <!-- configuration-method before -->
              <div class="test-method">
                <img src="failed.png">
                </img>
                <span class="method-name">createAccount(bibi12, sdn34, bimal.suthar@gmail.com, bim@121, bim@121)</span>
                <span class="method-start">109538 ms</span>
              </div> <!-- test-method -->
              <div class="configuration-method after">
                <span class="method-name">teardown</span>
                <span class="method-start">142142 ms</span>
              </div> <!-- configuration-method after -->
              <div class="configuration-method before">
                <span class="method-name">setUp</span>
                <span class="method-start">143009 ms</span>
              </div> <!-- configuration-method before -->
              <div class="test-method">
                <img src="failed.png">
                </img>
                <span class="method-name">createAccount(bimal, suthar, hemanshu2838@gmail.com, ghg@345, ghg@345)</span>
                <span class="method-start">152931 ms</span>
              </div> <!-- test-method -->
              <div class="configuration-method after">
                <span class="method-name">teardown</span>
                <span class="method-start">185850 ms</span>
              </div> <!-- configuration-method after -->
            </div> <!-- chronological-class -->
            <div class="chronological-class">
              <div class="chronological-class-name">com.travelmedicare.qa.testcases.HomePageTests</div> <!-- chronological-class-name -->
              <div class="configuration-method before">
                <span class="method-name">setUp</span>
                <span class="method-start">186746 ms</span>
              </div> <!-- configuration-method before -->
              <div class="test-method">
                <span class="method-name">clickingOnMyTm_HomePage</span>
                <span class="method-start">198249 ms</span>
              </div> <!-- test-method -->
              <div class="configuration-method after">
                <span class="method-name">tearDown</span>
                <span class="method-start">198950 ms</span>
              </div> <!-- configuration-method after -->
            </div> <!-- chronological-class -->
            <div class="chronological-class">
              <div class="chronological-class-name">com.travelmedicare.qa.testcases.LoginPageTest</div> <!-- chronological-class-name -->
              <div class="configuration-method before">
                <span class="method-name">setUp</span>
                <span class="method-start">200091 ms</span>
              </div> <!-- configuration-method before -->
              <div class="test-method">
                <span class="method-name">InValidData_BlankEmail_SignIn</span>
                <span class="method-start">211686 ms</span>
              </div> <!-- test-method -->
              <div class="configuration-method after">
                <span class="method-name">tearDown</span>
                <span class="method-start">212185 ms</span>
              </div> <!-- configuration-method after -->
            </div> <!-- chronological-class -->
            <div class="chronological-class">
              <div class="chronological-class-name">com.travelmedicare.qa.testcases.HomePageTests</div> <!-- chronological-class-name -->
              <div class="configuration-method before">
                <span class="method-name">setUp</span>
                <span class="method-start">213135 ms</span>
              </div> <!-- configuration-method before -->
              <div class="test-method">
                <span class="method-name">ValidatingRegisterBtn_HomePage</span>
                <span class="method-start">223308 ms</span>
              </div> <!-- test-method -->
              <div class="configuration-method after">
                <span class="method-name">tearDown</span>
                <span class="method-start">224433 ms</span>
              </div> <!-- configuration-method after -->
            </div> <!-- chronological-class -->
            <div class="chronological-class">
              <div class="chronological-class-name">com.travelmedicare.qa.testcases.LoginPageTest</div> <!-- chronological-class-name -->
              <div class="configuration-method before">
                <span class="method-name">setUp</span>
                <span class="method-start">225308 ms</span>
              </div> <!-- configuration-method before -->
              <div class="test-method">
                <span class="method-name">InValidData_BlankPassword_SignIn</span>
                <span class="method-start">236060 ms</span>
              </div> <!-- test-method -->
              <div class="configuration-method after">
                <span class="method-name">tearDown</span>
                <span class="method-start">236553 ms</span>
              </div> <!-- configuration-method after -->
            </div> <!-- chronological-class -->
            <div class="chronological-class">
              <div class="chronological-class-name">com.travelmedicare.qa.testcases.HomePageTests</div> <!-- chronological-class-name -->
              <div class="configuration-method before">
                <span class="method-name">setUp</span>
                <span class="method-start">237434 ms</span>
              </div> <!-- configuration-method before -->
              <div class="test-method">
                <span class="method-name">validatingLogo_HomePage</span>
                <span class="method-start">247487 ms</span>
              </div> <!-- test-method -->
              <div class="configuration-method after">
                <span class="method-name">tearDown</span>
                <span class="method-start">247577 ms</span>
              </div> <!-- configuration-method after -->
          </div> <!-- main-panel-content rounded-window-bottom -->
        </div> <!-- panel -->
      </div> <!-- main-panel-root -->
    </div> <!-- wrapper -->
  </body>
</html>
